0 info it worked if it ends with ok
1 verbose cli [ '/usr/bin/nodejs',
1 verbose cli   '/usr/bin/npm',
1 verbose cli   'install',
1 verbose cli   '-g',
1 verbose cli   'firebase-tools' ]
2 info using npm@1.4.21
3 info using node@v0.10.25
4 verbose cache add [ 'firebase-tools', null ]
5 verbose cache add name=undefined spec="firebase-tools" args=["firebase-tools",null]
6 verbose parsed url { protocol: null,
6 verbose parsed url   slashes: null,
6 verbose parsed url   auth: null,
6 verbose parsed url   host: null,
6 verbose parsed url   port: null,
6 verbose parsed url   hostname: null,
6 verbose parsed url   hash: null,
6 verbose parsed url   search: null,
6 verbose parsed url   query: null,
6 verbose parsed url   pathname: 'firebase-tools',
6 verbose parsed url   path: 'firebase-tools',
6 verbose parsed url   href: 'firebase-tools' }
7 silly lockFile 3fa4b23e-firebase-tools firebase-tools
8 verbose lock firebase-tools /home/tej/.npm/3fa4b23e-firebase-tools.lock
9 silly lockFile 3fa4b23e-firebase-tools firebase-tools
10 silly lockFile 3fa4b23e-firebase-tools firebase-tools
11 verbose addNamed [ 'firebase-tools', '' ]
12 verbose addNamed [ null, '*' ]
13 silly lockFile 59c4bcc4-firebase-tools firebase-tools@
14 verbose lock firebase-tools@ /home/tej/.npm/59c4bcc4-firebase-tools.lock
15 silly addNameRange { name: 'firebase-tools', range: '*', hasData: false }
16 verbose request where is /firebase-tools
17 verbose request registry https://registry.npmjs.org/
18 verbose request id 1178fbc0a7efb128
19 verbose url raw /firebase-tools
20 verbose url resolving [ 'https://registry.npmjs.org/', './firebase-tools' ]
21 verbose url resolved https://registry.npmjs.org/firebase-tools
22 verbose request where is https://registry.npmjs.org/firebase-tools
23 info trying registry request attempt 1 at 14:37:46
24 verbose etag "1OT3G6T8PU9ZITGGUMQ7KVV9Z"
25 http GET https://registry.npmjs.org/firebase-tools
26 http 304 https://registry.npmjs.org/firebase-tools
27 silly registry.get cb [ 304,
27 silly registry.get   { date: 'Fri, 05 Feb 2016 22:37:47 GMT',
27 silly registry.get     via: '1.1 varnish',
27 silly registry.get     'cache-control': 'max-age=300',
27 silly registry.get     etag: '"1OT3G6T8PU9ZITGGUMQ7KVV9Z"',
27 silly registry.get     age: '0',
27 silly registry.get     connection: 'keep-alive',
27 silly registry.get     'x-served-by': 'cache-lax1423-LAX',
27 silly registry.get     'x-cache': 'MISS',
27 silly registry.get     'x-cache-hits': '0',
27 silly registry.get     'x-timer': 'S1454711867.069930,VS0,VE85',
27 silly registry.get     vary: 'Accept' } ]
28 verbose etag https://registry.npmjs.org/firebase-tools from cache
29 silly addNameRange number 2 { name: 'firebase-tools', range: '*', hasData: true }
30 silly addNameRange versions [ 'firebase-tools',
30 silly addNameRange   [ '0.0.1',
30 silly addNameRange     '0.0.2',
30 silly addNameRange     '0.0.3',
30 silly addNameRange     '0.0.4',
30 silly addNameRange     '0.0.5',
30 silly addNameRange     '0.0.6',
30 silly addNameRange     '0.1.0',
30 silly addNameRange     '0.1.1',
30 silly addNameRange     '0.1.2',
30 silly addNameRange     '0.1.3',
30 silly addNameRange     '0.1.4',
30 silly addNameRange     '0.1.5',
30 silly addNameRange     '0.1.6',
30 silly addNameRange     '0.2.0',
30 silly addNameRange     '0.3.0',
30 silly addNameRange     '0.4.0',
30 silly addNameRange     '0.5.0',
30 silly addNameRange     '1.0.0',
30 silly addNameRange     '1.0.1',
30 silly addNameRange     '1.0.2',
30 silly addNameRange     '1.0.3',
30 silly addNameRange     '1.0.4',
30 silly addNameRange     '1.0.5',
30 silly addNameRange     '1.0.6',
30 silly addNameRange     '1.1.0',
30 silly addNameRange     '1.1.1',
30 silly addNameRange     '1.1.2',
30 silly addNameRange     '1.1.3',
30 silly addNameRange     '1.1.4',
30 silly addNameRange     '1.1.5',
30 silly addNameRange     '1.1.6',
30 silly addNameRange     '1.2.0',
30 silly addNameRange     '2.0.0',
30 silly addNameRange     '2.0.1',
30 silly addNameRange     '2.0.2',
30 silly addNameRange     '2.1.0',
30 silly addNameRange     '2.1.1',
30 silly addNameRange     '2.2.0',
30 silly addNameRange     '2.2.1' ] ]
31 verbose addNamed [ 'firebase-tools', '2.2.1' ]
32 verbose addNamed [ '2.2.1', '2.2.1' ]
33 silly lockFile 3c916b1a-firebase-tools-2-2-1 firebase-tools@2.2.1
34 verbose lock firebase-tools@2.2.1 /home/tej/.npm/3c916b1a-firebase-tools-2-2-1.lock
35 silly lockFile 3c916b1a-firebase-tools-2-2-1 firebase-tools@2.2.1
36 silly lockFile 3c916b1a-firebase-tools-2-2-1 firebase-tools@2.2.1
37 silly lockFile 59c4bcc4-firebase-tools firebase-tools@
38 silly lockFile 59c4bcc4-firebase-tools firebase-tools@
39 silly resolved [ { name: 'firebase-tools',
39 silly resolved     version: '2.2.1',
39 silly resolved     description: 'Command-Line Interface for Firebase',
39 silly resolved     main: 'index.js',
39 silly resolved     bin: { firebase: './bin/firebase' },
39 silly resolved     scripts: { test: 'gulp' },
39 silly resolved     repository:
39 silly resolved      { type: 'git',
39 silly resolved        url: 'https://github.com/firebase/firebase-tools.git' },
39 silly resolved     keywords:
39 silly resolved      [ 'cdn',
39 silly resolved        'cli',
39 silly resolved        'ssl',
39 silly resolved        'cloud',
39 silly resolved        'hosting',
39 silly resolved        'firebase',
39 silly resolved        'realtime',
39 silly resolved        'websockets',
39 silly resolved        'synchronization' ],
39 silly resolved     preferGlobal: true,
39 silly resolved     engines: { node: '>=0.10.0' },
39 silly resolved     'engine-strict': true,
39 silly resolved     author:
39 silly resolved      { name: 'Firebase',
39 silly resolved        email: 'support@firebase.com',
39 silly resolved        url: 'https://www.firebase.com/' },
39 silly resolved     license: 'MIT',
39 silly resolved     bugs: { url: 'https://github.com/firebase/firebase-tools/issues' },
39 silly resolved     files: [ 'bin/**', 'lib/**', 'commands/**', 'templates/**', 'index.js' ],
39 silly resolved     homepage: 'https://github.com/firebase/firebase-tools',
39 silly resolved     dependencies:
39 silly resolved      { chalk: '^1.1.0',
39 silly resolved        cjson: '^0.3.1',
39 silly resolved        'cli-table': '^0.3.1',
39 silly resolved        commander: '^2.8.1',
39 silly resolved        'concat-stream': '^1.5.0',
39 silly resolved        configstore: '^1.2.0',
39 silly resolved        didyoumean: '^1.2.1',
39 silly resolved        'exit-code': '^1.0.2',
39 silly resolved        filesize: '^3.1.3',
39 silly resolved        firebase: '2.x.x',
39 silly resolved        'fs-extra': '^0.23.1',
39 silly resolved        'fstream-ignore': '^1.0.2',
39 silly resolved        inquirer: '^0.8.5',
39 silly resolved        jsonschema: '^1.0.2',
39 silly resolved        lodash: '^3.10.0',
39 silly resolved        'node-uuid': '^1.4.3',
39 silly resolved        open: '0.0.5',
39 silly resolved        progress: '^1.1.8',
39 silly resolved        request: '^2.58.0',
39 silly resolved        rsvp: '^3.0.18',
39 silly resolved        semver: '^5.0.3',
39 silly resolved        superstatic: '^4.0',
39 silly resolved        tar: '^2.2.0',
39 silly resolved        through: '^2.3.8',
39 silly resolved        tmp: '0.0.27',
39 silly resolved        'universal-analytics': '^0.3.9',
39 silly resolved        'update-notifier': '^0.5.0',
39 silly resolved        'user-home': '^2.0.0',
39 silly resolved        uuid: '^2.0.1',
39 silly resolved        winston: '^1.0.1' },
39 silly resolved     devDependencies:
39 silly resolved      { chai: '^3.0.0',
39 silly resolved        'chai-as-promised': '^5.1.0',
39 silly resolved        coveralls: '2.11.2',
39 silly resolved        eslint: '^1.4.1',
39 silly resolved        gulp: '^3.9.0',
39 silly resolved        'gulp-eslint': '^1.0.0',
39 silly resolved        'gulp-exit': '0.0.2',
39 silly resolved        'gulp-istanbul': '^0.10.0',
39 silly resolved        'gulp-mocha': '^2.1.2',
39 silly resolved        'jshint-stylish': '^2.0.1',
39 silly resolved        nock: '^2.10.0' },
39 silly resolved     gitHead: 'ab2d89a49267de2e38d00101173b738ed20c91b8',
39 silly resolved     _id: 'firebase-tools@2.2.1',
39 silly resolved     _shasum: 'd7773e0db6899cdac0567961abde4591a4938f6e',
39 silly resolved     _from: 'firebase-tools@',
39 silly resolved     _npmVersion: '2.7.5',
39 silly resolved     _nodeVersion: '0.10.38',
39 silly resolved     _npmUser: { name: 'firebase', email: 'operations@firebase.com' },
39 silly resolved     maintainers: [ [Object] ],
39 silly resolved     dist:
39 silly resolved      { shasum: 'd7773e0db6899cdac0567961abde4591a4938f6e',
39 silly resolved        tarball: 'http://registry.npmjs.org/firebase-tools/-/firebase-tools-2.2.1.tgz' },
39 silly resolved     directories: {},
39 silly resolved     _resolved: 'https://registry.npmjs.org/firebase-tools/-/firebase-tools-2.2.1.tgz',
39 silly resolved     readme: 'ERROR: No README data found!' } ]
40 info install firebase-tools@2.2.1 into /usr/local/lib
41 info installOne firebase-tools@2.2.1
42 verbose lib/node_modules/firebase-tools unbuild
43 info preuninstall firebase-tools@2.2.1
44 info uninstall firebase-tools@2.2.1
45 verbose true,/usr/local/lib/node_modules,/usr/local/lib/node_modules unbuild firebase-tools@2.2.1
46 verbose /usr/local/bin,[object Object] binRoot
47 verbose lib/node_modules/firebase-tools unbuild
48 info preuninstall firebase-tools@2.2.1
49 info uninstall firebase-tools@2.2.1
50 verbose true,/usr/local/lib/node_modules,/usr/local/lib/node_modules unbuild firebase-tools@2.2.1
51 verbose /usr/local/bin,[object Object] binRoot
52 error error rolling back Error: EACCES, unlink '/usr/local/bin/firebase'
52 error error rolling back  firebase-tools@2.2.1 { [Error: EACCES, unlink '/usr/local/bin/firebase'] errno: 3, code: 'EACCES', path: '/usr/local/bin/firebase' }
53 error Error: EACCES, unlink '/usr/local/bin/firebase'
53 error  { [Error: EACCES, unlink '/usr/local/bin/firebase'] errno: 3, code: 'EACCES', path: '/usr/local/bin/firebase' }
54 error Please try running this command again as root/Administrator.
55 error System Linux 4.2.0-27-generic
56 error command "/usr/bin/nodejs" "/usr/bin/npm" "install" "-g" "firebase-tools"
57 error cwd /home/tej/Developer/simplecv
58 error node -v v0.10.25
59 error npm -v 1.4.21
60 error path /usr/local/bin/firebase
61 error code EACCES
62 error errno 3
63 error stack Error: EACCES, unlink '/usr/local/bin/firebase'
64 verbose exit [ 3, true ]
